AH00558: httpd.exe: Could not reliably determine the server's fully qualified domain name, using fe80::f577:a484:1787:155f. Set the 'ServerName' directive globally to suppress this message
[Fri Nov 19 21:57:29.774120 2021] [mpm_winnt:notice] [pid 8688:tid 772] AH00455: Apache/2.4.43 (Win32) configured -- resuming normal operations
[Fri Nov 19 21:57:29.778125 2021] [mpm_winnt:notice] [pid 8688:tid 772] AH00456: Server built: Apr 21 2020 13:46:54
[Fri Nov 19 21:57:29.778125 2021] [core:notice] [pid 8688:tid 772] AH00094: Command line: 'C:\\Users\\yurip\\AppData\\Roaming\\Local\\lightning-services\\apache-2.4.43+6\\bin\\win32\\bin\\httpd.exe -d C:/Users/yurip/AppData/Roaming/Local/lightning-services/apache-2.4.43+6/bin/win32 -D FOREGROUND -f C:\\Users\\yurip\\AppData\\Roaming\\Local\\run\\soo8nRfVa\\conf\\apache\\apache2.conf'
[Fri Nov 19 21:57:29.783121 2021] [mpm_winnt:notice] [pid 8688:tid 772] AH00418: Parent: Created child process 7444
AH00558: httpd.exe: Could not reliably determine the server's fully qualified domain name, using fe80::f577:a484:1787:155f. Set the 'ServerName' directive globally to suppress this message
AH00558: httpd.exe: Could not reliably determine the server's fully qualified domain name, using fe80::f577:a484:1787:155f. Set the 'ServerName' directive globally to suppress this message
[Fri Nov 19 21:57:32.251120 2021] [mpm_winnt:notice] [pid 7444:tid 820] AH00354: Child: Starting 64 worker threads.
AH00558: httpd.exe: Could not reliably determine the server's fully qualified domain name, using fe80::f577:a484:1787:155f. Set the 'ServerName' directive globally to suppress this message
[Sat Nov 20 15:29:45.468232 2021] [core:warn] [pid 7804:tid 772] AH00098: pid file C:/Users/yurip/AppData/Roaming/Local/run/soo8nRfVa/apache/logs/httpd.pid overwritten -- Unclean shutdown of previous Apache run?
[Sat Nov 20 15:29:45.473230 2021] [mpm_winnt:notice] [pid 7804:tid 772] AH00455: Apache/2.4.43 (Win32) configured -- resuming normal operations
[Sat Nov 20 15:29:45.473230 2021] [mpm_winnt:notice] [pid 7804:tid 772] AH00456: Server built: Apr 21 2020 13:46:54
[Sat Nov 20 15:29:45.473230 2021] [core:notice] [pid 7804:tid 772] AH00094: Command line: 'C:\\Users\\yurip\\AppData\\Roaming\\Local\\lightning-services\\apache-2.4.43+6\\bin\\win32\\bin\\httpd.exe -d C:/Users/yurip/AppData/Roaming/Local/lightning-services/apache-2.4.43+6/bin/win32 -D FOREGROUND -f C:\\Users\\yurip\\AppData\\Roaming\\Local\\run\\soo8nRfVa\\conf\\apache\\apache2.conf'
[Sat Nov 20 15:29:45.477231 2021] [mpm_winnt:notice] [pid 7804:tid 772] AH00418: Parent: Created child process 12568
AH00558: httpd.exe: Could not reliably determine the server's fully qualified domain name, using fe80::f577:a484:1787:155f. Set the 'ServerName' directive globally to suppress this message
AH00558: httpd.exe: Could not reliably determine the server's fully qualified domain name, using fe80::f577:a484:1787:155f. Set the 'ServerName' directive globally to suppress this message
[Sat Nov 20 15:29:47.233705 2021] [mpm_winnt:notice] [pid 12568:tid 800] AH00354: Child: Starting 64 worker threads.
AH00558: httpd.exe: Could not reliably determine the server's fully qualified domain name, using fe80::f577:a484:1787:155f. Set the 'ServerName' directive globally to suppress this message
[Sat Nov 20 16:18:22.488932 2021] [core:warn] [pid 6396:tid 776] AH00098: pid file C:/Users/yurip/AppData/Roaming/Local/run/soo8nRfVa/apache/logs/httpd.pid overwritten -- Unclean shutdown of previous Apache run?
[Sat Nov 20 16:18:22.492927 2021] [mpm_winnt:notice] [pid 6396:tid 776] AH00455: Apache/2.4.43 (Win32) configured -- resuming normal operations
[Sat Nov 20 16:18:22.492927 2021] [mpm_winnt:notice] [pid 6396:tid 776] AH00456: Server built: Apr 21 2020 13:46:54
[Sat Nov 20 16:18:22.492927 2021] [core:notice] [pid 6396:tid 776] AH00094: Command line: 'C:\\Users\\yurip\\AppData\\Roaming\\Local\\lightning-services\\apache-2.4.43+6\\bin\\win32\\bin\\httpd.exe -d C:/Users/yurip/AppData/Roaming/Local/lightning-services/apache-2.4.43+6/bin/win32 -D FOREGROUND -f C:\\Users\\yurip\\AppData\\Roaming\\Local\\run\\soo8nRfVa\\conf\\apache\\apache2.conf'
[Sat Nov 20 16:18:22.496928 2021] [mpm_winnt:notice] [pid 6396:tid 776] AH00418: Parent: Created child process 7232
AH00558: httpd.exe: Could not reliably determine the server's fully qualified domain name, using fe80::f577:a484:1787:155f. Set the 'ServerName' directive globally to suppress this message
AH00558: httpd.exe: Could not reliably determine the server's fully qualified domain name, using fe80::f577:a484:1787:155f. Set the 'ServerName' directive globally to suppress this message
[Sat Nov 20 16:18:23.913928 2021] [mpm_winnt:notice] [pid 7232:tid 804] AH00354: Child: Starting 64 worker threads.
AH00558: httpd.exe: Could not reliably determine the server's fully qualified domain name, using fe80::f577:a484:1787:155f. Set the 'ServerName' directive globally to suppress this message
[Sat Nov 20 16:24:03.361271 2021] [core:warn] [pid 4544:tid 776] AH00098: pid file C:/Users/yurip/AppData/Roaming/Local/run/soo8nRfVa/apache/logs/httpd.pid overwritten -- Unclean shutdown of previous Apache run?
[Sat Nov 20 16:24:03.365271 2021] [mpm_winnt:notice] [pid 4544:tid 776] AH00455: Apache/2.4.43 (Win32) configured -- resuming normal operations
[Sat Nov 20 16:24:03.365271 2021] [mpm_winnt:notice] [pid 4544:tid 776] AH00456: Server built: Apr 21 2020 13:46:54
[Sat Nov 20 16:24:03.365271 2021] [core:notice] [pid 4544:tid 776] AH00094: Command line: 'C:\\Users\\yurip\\AppData\\Roaming\\Local\\lightning-services\\apache-2.4.43+6\\bin\\win32\\bin\\httpd.exe -d C:/Users/yurip/AppData/Roaming/Local/lightning-services/apache-2.4.43+6/bin/win32 -D FOREGROUND -f C:\\Users\\yurip\\AppData\\Roaming\\Local\\run\\soo8nRfVa\\conf\\apache\\apache2.conf'
[Sat Nov 20 16:24:03.370272 2021] [mpm_winnt:notice] [pid 4544:tid 776] AH00418: Parent: Created child process 8704
AH00558: httpd.exe: Could not reliably determine the server's fully qualified domain name, using fe80::f577:a484:1787:155f. Set the 'ServerName' directive globally to suppress this message
AH00558: httpd.exe: Could not reliably determine the server's fully qualified domain name, using fe80::f577:a484:1787:155f. Set the 'ServerName' directive globally to suppress this message
[Sat Nov 20 16:24:04.790271 2021] [mpm_winnt:notice] [pid 8704:tid 800] AH00354: Child: Starting 64 worker threads.
AH00558: httpd.exe: Could not reliably determine the server's fully qualified domain name, using fe80::f577:a484:1787:155f. Set the 'ServerName' directive globally to suppress this message
[Sun Nov 21 18:33:34.755927 2021] [core:warn] [pid 11340:tid 796] AH00098: pid file C:/Users/yurip/AppData/Roaming/Local/run/soo8nRfVa/apache/logs/httpd.pid overwritten -- Unclean shutdown of previous Apache run?
[Sun Nov 21 18:33:34.766872 2021] [mpm_winnt:notice] [pid 11340:tid 796] AH00455: Apache/2.4.43 (Win32) configured -- resuming normal operations
[Sun Nov 21 18:33:34.766872 2021] [mpm_winnt:notice] [pid 11340:tid 796] AH00456: Server built: Apr 21 2020 13:46:54
[Sun Nov 21 18:33:34.766872 2021] [core:notice] [pid 11340:tid 796] AH00094: Command line: 'C:\\Users\\yurip\\AppData\\Roaming\\Local\\lightning-services\\apache-2.4.43+6\\bin\\win32\\bin\\httpd.exe -d C:/Users/yurip/AppData/Roaming/Local/lightning-services/apache-2.4.43+6/bin/win32 -D FOREGROUND -f C:\\Users\\yurip\\AppData\\Roaming\\Local\\run\\soo8nRfVa\\conf\\apache\\apache2.conf'
[Sun Nov 21 18:33:34.822875 2021] [mpm_winnt:notice] [pid 11340:tid 796] AH00418: Parent: Created child process 13116
AH00558: httpd.exe: Could not reliably determine the server's fully qualified domain name, using fe80::f577:a484:1787:155f. Set the 'ServerName' directive globally to suppress this message
AH00558: httpd.exe: Could not reliably determine the server's fully qualified domain name, using fe80::f577:a484:1787:155f. Set the 'ServerName' directive globally to suppress this message
[Sun Nov 21 18:33:36.182872 2021] [mpm_winnt:notice] [pid 13116:tid 808] AH00354: Child: Starting 64 worker threads.
AH00558: httpd.exe: Could not reliably determine the server's fully qualified domain name, using fe80::f577:a484:1787:155f. Set the 'ServerName' directive globally to suppress this message
[Mon Nov 22 09:20:29.984419 2021] [core:warn] [pid 11448:tid 772] AH00098: pid file C:/Users/yurip/AppData/Roaming/Local/run/soo8nRfVa/apache/logs/httpd.pid overwritten -- Unclean shutdown of previous Apache run?
[Mon Nov 22 09:20:29.988416 2021] [mpm_winnt:notice] [pid 11448:tid 772] AH00455: Apache/2.4.43 (Win32) configured -- resuming normal operations
[Mon Nov 22 09:20:29.988416 2021] [mpm_winnt:notice] [pid 11448:tid 772] AH00456: Server built: Apr 21 2020 13:46:54
[Mon Nov 22 09:20:29.988416 2021] [core:notice] [pid 11448:tid 772] AH00094: Command line: 'C:\\Users\\yurip\\AppData\\Roaming\\Local\\lightning-services\\apache-2.4.43+6\\bin\\win32\\bin\\httpd.exe -d C:/Users/yurip/AppData/Roaming/Local/lightning-services/apache-2.4.43+6/bin/win32 -D FOREGROUND -f C:\\Users\\yurip\\AppData\\Roaming\\Local\\run\\soo8nRfVa\\conf\\apache\\apache2.conf'
[Mon Nov 22 09:20:30.026418 2021] [mpm_winnt:notice] [pid 11448:tid 772] AH00418: Parent: Created child process 10732
AH00558: httpd.exe: Could not reliably determine the server's fully qualified domain name, using fe80::f577:a484:1787:155f. Set the 'ServerName' directive globally to suppress this message
AH00558: httpd.exe: Could not reliably determine the server's fully qualified domain name, using fe80::f577:a484:1787:155f. Set the 'ServerName' directive globally to suppress this message
[Mon Nov 22 09:20:32.155478 2021] [mpm_winnt:notice] [pid 10732:tid 800] AH00354: Child: Starting 64 worker threads.
AH00558: httpd.exe: Could not reliably determine the server's fully qualified domain name, using fe80::f577:a484:1787:155f. Set the 'ServerName' directive globally to suppress this message
[Tue Nov 23 19:17:08.863451 2021] [core:warn] [pid 2536:tid 788] AH00098: pid file C:/Users/yurip/AppData/Roaming/Local/run/soo8nRfVa/apache/logs/httpd.pid overwritten -- Unclean shutdown of previous Apache run?
[Tue Nov 23 19:17:08.868451 2021] [mpm_winnt:notice] [pid 2536:tid 788] AH00455: Apache/2.4.43 (Win32) configured -- resuming normal operations
[Tue Nov 23 19:17:08.868451 2021] [mpm_winnt:notice] [pid 2536:tid 788] AH00456: Server built: Apr 21 2020 13:46:54
[Tue Nov 23 19:17:08.868451 2021] [core:notice] [pid 2536:tid 788] AH00094: Command line: 'C:\\Users\\yurip\\AppData\\Roaming\\Local\\lightning-services\\apache-2.4.43+6\\bin\\win32\\bin\\httpd.exe -d C:/Users/yurip/AppData/Roaming/Local/lightning-services/apache-2.4.43+6/bin/win32 -D FOREGROUND -f C:\\Users\\yurip\\AppData\\Roaming\\Local\\run\\soo8nRfVa\\conf\\apache\\apache2.conf'
[Tue Nov 23 19:17:08.872451 2021] [mpm_winnt:notice] [pid 2536:tid 788] AH00418: Parent: Created child process 8276
AH00558: httpd.exe: Could not reliably determine the server's fully qualified domain name, using fe80::f577:a484:1787:155f. Set the 'ServerName' directive globally to suppress this message
AH00558: httpd.exe: Could not reliably determine the server's fully qualified domain name, using fe80::f577:a484:1787:155f. Set the 'ServerName' directive globally to suppress this message
[Tue Nov 23 19:17:11.065451 2021] [mpm_winnt:notice] [pid 8276:tid 860] AH00354: Child: Starting 64 worker threads.
AH00558: httpd.exe: Could not reliably determine the server's fully qualified domain name, using fe80::f577:a484:1787:155f. Set the 'ServerName' directive globally to suppress this message
[Tue Nov 23 19:24:40.350247 2021] [core:warn] [pid 8312:tid 768] AH00098: pid file C:/Users/yurip/AppData/Roaming/Local/run/soo8nRfVa/apache/logs/httpd.pid overwritten -- Unclean shutdown of previous Apache run?
[Tue Nov 23 19:24:40.355247 2021] [mpm_winnt:notice] [pid 8312:tid 768] AH00455: Apache/2.4.43 (Win32) configured -- resuming normal operations
[Tue Nov 23 19:24:40.355247 2021] [mpm_winnt:notice] [pid 8312:tid 768] AH00456: Server built: Apr 21 2020 13:46:54
[Tue Nov 23 19:24:40.355247 2021] [core:notice] [pid 8312:tid 768] AH00094: Command line: 'C:\\Users\\yurip\\AppData\\Roaming\\Local\\lightning-services\\apache-2.4.43+6\\bin\\win32\\bin\\httpd.exe -d C:/Users/yurip/AppData/Roaming/Local/lightning-services/apache-2.4.43+6/bin/win32 -D FOREGROUND -f C:\\Users\\yurip\\AppData\\Roaming\\Local\\run\\soo8nRfVa\\conf\\apache\\apache2.conf'
[Tue Nov 23 19:24:40.359248 2021] [mpm_winnt:notice] [pid 8312:tid 768] AH00418: Parent: Created child process 6364
AH00558: httpd.exe: Could not reliably determine the server's fully qualified domain name, using fe80::f577:a484:1787:155f. Set the 'ServerName' directive globally to suppress this message
AH00558: httpd.exe: Could not reliably determine the server's fully qualified domain name, using fe80::f577:a484:1787:155f. Set the 'ServerName' directive globally to suppress this message
[Tue Nov 23 19:24:41.969249 2021] [mpm_winnt:notice] [pid 6364:tid 800] AH00354: Child: Starting 64 worker threads.
AH00558: httpd.exe: Could not reliably determine the server's fully qualified domain name, using fe80::f577:a484:1787:155f. Set the 'ServerName' directive globally to suppress this message
[Wed Nov 24 00:31:57.766584 2021] [core:warn] [pid 2032:tid 852] AH00098: pid file C:/Users/yurip/AppData/Roaming/Local/run/soo8nRfVa/apache/logs/httpd.pid overwritten -- Unclean shutdown of previous Apache run?
[Wed Nov 24 00:31:57.769594 2021] [mpm_winnt:notice] [pid 2032:tid 852] AH00455: Apache/2.4.43 (Win32) configured -- resuming normal operations
[Wed Nov 24 00:31:57.770585 2021] [mpm_winnt:notice] [pid 2032:tid 852] AH00456: Server built: Apr 21 2020 13:46:54
[Wed Nov 24 00:31:57.770585 2021] [core:notice] [pid 2032:tid 852] AH00094: Command line: 'C:\\Users\\yurip\\AppData\\Roaming\\Local\\lightning-services\\apache-2.4.43+6\\bin\\win32\\bin\\httpd.exe -d C:/Users/yurip/AppData/Roaming/Local/lightning-services/apache-2.4.43+6/bin/win32 -D FOREGROUND -f C:\\Users\\yurip\\AppData\\Roaming\\Local\\run\\soo8nRfVa\\conf\\apache\\apache2.conf'
[Wed Nov 24 00:31:57.773585 2021] [mpm_winnt:notice] [pid 2032:tid 852] AH00418: Parent: Created child process 4580
AH00558: httpd.exe: Could not reliably determine the server's fully qualified domain name, using fe80::f577:a484:1787:155f. Set the 'ServerName' directive globally to suppress this message
AH00558: httpd.exe: Could not reliably determine the server's fully qualified domain name, using fe80::f577:a484:1787:155f. Set the 'ServerName' directive globally to suppress this message
[Wed Nov 24 00:31:58.967582 2021] [mpm_winnt:notice] [pid 4580:tid 800] AH00354: Child: Starting 64 worker threads.
AH00558: httpd.exe: Could not reliably determine the server's fully qualified domain name, using fe80::f577:a484:1787:155f. Set the 'ServerName' directive globally to suppress this message
[Thu Nov 25 09:30:24.579315 2021] [core:warn] [pid 356:tid 780] AH00098: pid file C:/Users/yurip/AppData/Roaming/Local/run/soo8nRfVa/apache/logs/httpd.pid overwritten -- Unclean shutdown of previous Apache run?
[Thu Nov 25 09:30:24.586314 2021] [mpm_winnt:notice] [pid 356:tid 780] AH00455: Apache/2.4.43 (Win32) configured -- resuming normal operations
[Thu Nov 25 09:30:24.586314 2021] [mpm_winnt:notice] [pid 356:tid 780] AH00456: Server built: Apr 21 2020 13:46:54
[Thu Nov 25 09:30:24.586314 2021] [core:notice] [pid 356:tid 780] AH00094: Command line: 'C:\\Users\\yurip\\AppData\\Roaming\\Local\\lightning-services\\apache-2.4.43+6\\bin\\win32\\bin\\httpd.exe -d C:/Users/yurip/AppData/Roaming/Local/lightning-services/apache-2.4.43+6/bin/win32 -D FOREGROUND -f C:\\Users\\yurip\\AppData\\Roaming\\Local\\run\\soo8nRfVa\\conf\\apache\\apache2.conf'
[Thu Nov 25 09:30:24.590314 2021] [mpm_winnt:notice] [pid 356:tid 780] AH00418: Parent: Created child process 896
AH00558: httpd.exe: Could not reliably determine the server's fully qualified domain name, using fe80::f577:a484:1787:155f. Set the 'ServerName' directive globally to suppress this message
AH00558: httpd.exe: Could not reliably determine the server's fully qualified domain name, using fe80::f577:a484:1787:155f. Set the 'ServerName' directive globally to suppress this message
[Thu Nov 25 09:30:25.894313 2021] [mpm_winnt:notice] [pid 896:tid 800] AH00354: Child: Starting 64 worker threads.
AH00558: httpd.exe: Could not reliably determine the server's fully qualified domain name, using fe80::f577:a484:1787:155f. Set the 'ServerName' directive globally to suppress this message
[Fri Nov 26 11:20:29.864057 2021] [core:warn] [pid 9516:tid 584] AH00098: pid file C:/Users/yurip/AppData/Roaming/Local/run/soo8nRfVa/apache/logs/httpd.pid overwritten -- Unclean shutdown of previous Apache run?
[Fri Nov 26 11:20:29.868057 2021] [mpm_winnt:notice] [pid 9516:tid 584] AH00455: Apache/2.4.43 (Win32) configured -- resuming normal operations
[Fri Nov 26 11:20:29.868057 2021] [mpm_winnt:notice] [pid 9516:tid 584] AH00456: Server built: Apr 21 2020 13:46:54
[Fri Nov 26 11:20:29.868057 2021] [core:notice] [pid 9516:tid 584] AH00094: Command line: 'C:\\Users\\yurip\\AppData\\Roaming\\Local\\lightning-services\\apache-2.4.43+6\\bin\\win32\\bin\\httpd.exe -d C:/Users/yurip/AppData/Roaming/Local/lightning-services/apache-2.4.43+6/bin/win32 -D FOREGROUND -f C:\\Users\\yurip\\AppData\\Roaming\\Local\\run\\soo8nRfVa\\conf\\apache\\apache2.conf'
[Fri Nov 26 11:20:29.873056 2021] [mpm_winnt:notice] [pid 9516:tid 584] AH00418: Parent: Created child process 8668
AH00558: httpd.exe: Could not reliably determine the server's fully qualified domain name, using fe80::f577:a484:1787:155f. Set the 'ServerName' directive globally to suppress this message
AH00558: httpd.exe: Could not reliably determine the server's fully qualified domain name, using fe80::f577:a484:1787:155f. Set the 'ServerName' directive globally to suppress this message
[Fri Nov 26 11:20:31.247056 2021] [mpm_winnt:notice] [pid 8668:tid 800] AH00354: Child: Starting 64 worker threads.
